<?xml version="1.0" encoding="UTF-8"?>
<!-- Generated by org.testng.reporters.JUnitXMLReporter -->
<testsuite hostname="Mypc" name="Default test" tests="5" failures="0" timestamp="3 Jul 2019 01:08:50 GMT" time="70.243" errors="0">
  <testcase name="org_EmpReg" time="13.166" classname="testNG.EmpReg_TestNG"/>
  <testcase name="org_EmpReg" time="9.501" classname="testNG.EmpReg_TestNG"/>
  <testcase name="org_EmpReg" time="13.775" classname="testNG.EmpReg_TestNG"/>
  <testcase name="org_EmpReg" time="11.442" classname="testNG.EmpReg_TestNG"/>
  <testcase name="org_EmpReg" time="10.788" classname="testNG.EmpReg_TestNG"/>
</testsuite> <!-- Default test -->
